d:\studia\repozytoria\edge-detection-app\edgedetectionapp\cppdll\x64\release\cppdll.pch
d:\studia\repozytoria\edge-detection-app\edgedetectionapp\cppdll\x64\release\vc143.pdb
d:\studia\repozytoria\edge-detection-app\edgedetectionapp\cppdll\x64\release\pch.obj
d:\studia\repozytoria\edge-detection-app\edgedetectionapp\cppdll\x64\release\sobel.obj
d:\studia\repozytoria\edge-detection-app\edgedetectionapp\cppdll\x64\release\dllmain.obj
d:\studia\repozytoria\edge-detection-app\edgedetectionapp\cppdll\x64\release\attempt.obj
d:\studia\repozytoria\edge-detection-app\edgedetectionapp\cppdll\x64\release\.netframework,version=v4.7.2.assemblyattributes.obj
d:\studia\repozytoria\edge-detection-app\edgedetectionapp\x64\release\cppdll.dll
d:\studia\repozytoria\edge-detection-app\edgedetectionapp\x64\release\cppdll.pdb
d:\studia\repozytoria\edge-detection-app\edgedetectionapp\x64\release\cppdll.lib
d:\studia\repozytoria\edge-detection-app\edgedetectionapp\x64\release\cppdll.exp
d:\studia\repozytoria\edge-detection-app\edgedetectionapp\cppdll\x64\release\cppdll.tlog\cl.command.1.tlog
d:\studia\repozytoria\edge-detection-app\edgedetectionapp\cppdll\x64\release\cppdll.tlog\cl.items.tlog
d:\studia\repozytoria\edge-detection-app\edgedetectionapp\cppdll\x64\release\cppdll.tlog\cl.read.1.tlog
d:\studia\repozytoria\edge-detection-app\edgedetectionapp\cppdll\x64\release\cppdll.tlog\cl.write.1.tlog
d:\studia\repozytoria\edge-detection-app\edgedetectionapp\cppdll\x64\release\cppdll.tlog\link.command.1.tlog
d:\studia\repozytoria\edge-detection-app\edgedetectionapp\cppdll\x64\release\cppdll.tlog\link.read.1.tlog
d:\studia\repozytoria\edge-detection-app\edgedetectionapp\cppdll\x64\release\cppdll.tlog\link.secondary.1.tlog
d:\studia\repozytoria\edge-detection-app\edgedetectionapp\cppdll\x64\release\cppdll.tlog\link.write.1.tlog
d:\studia\repozytoria\edge-detection-app\edgedetectionapp\cppdll\x64\release\cppdll.tlog\metagen.read.1.tlog
d:\studia\repozytoria\edge-detection-app\edgedetectionapp\cppdll\x64\release\cppdll.tlog\metagen.write.1.tlog
